[debug] [2024-08-06T10:56:22.154Z] ----------------------------------------------------------------------
[debug] [2024-08-06T10:56:22.156Z] Command:       C:\Program Files\nodejs\node.exe C:\Users\talsh\AppData\Roaming\npm\node_modules\firebase-tools\lib\bin\firebase.js init
[debug] [2024-08-06T10:56:22.157Z] CLI Version:   13.15.0
[debug] [2024-08-06T10:56:22.157Z] Platform:      win32
[debug] [2024-08-06T10:56:22.157Z] Node Version:  v20.16.0
[debug] [2024-08-06T10:56:22.157Z] Time:          Tue Aug 06 2024 13:56:22 GMT+0300 (Israel Daylight Time)
[debug] [2024-08-06T10:56:22.157Z] ----------------------------------------------------------------------
[debug] 
[debug] [2024-08-06T10:56:22.163Z] > command requires scopes: ["email","openid","https://www.googleapis.com/auth/cloudplatformprojects.readonly","https://www.googleapis.com/auth/firebase","https://www.googleapis.com/auth/cloud-platform"]
[debug] [2024-08-06T10:56:22.164Z] > authorizing via signed-in user (tals.shirz@gmail.com)
[info] 
     ######## #### ########  ######## ########     ###     ######  ########
     ##        ##  ##     ## ##       ##     ##  ##   ##  ##       ##
     ######    ##  ########  ######   ########  #########  ######  ######
     ##        ##  ##    ##  ##       ##     ## ##     ##       ## ##
     ##       #### ##     ## ######## ########  ##     ##  ######  ########

You're about to initialize a Firebase project in this directory:

  C:\Users\talsh\AndroidStudioProjects\GroupBuyProject

[info] 
=== Project Setup
[info] 
[info] First, let's associate this project directory with a Firebase project.
[info] You can create multiple project aliases by running firebase use --add, 
[info] but for now we'll just set up a default project.
[info] 
